The system is: Darwin - 12.2.0 - i386
Compiling the CXX compiler identification source file "CMakeCXXCompilerId.cpp" succeeded.
Compiler: /usr/bin/c++ 
Build flags: 
Id flags: 

The output was:
0


Compilation of the CXX compiler identification source "CMakeCXXCompilerId.cpp" produced "a.out"

The CXX compiler identification is Clang, found in "/Users/matthewborden/Documents/Programing/drone/OpenCV-2.4.3/CMakeFiles/2.8.10.1/CompilerIdCXX/a.out"

Compiling the C compiler identification source file "CMakeCCompilerId.c" succeeded.
Compiler: /usr/bin/cc 
Build flags: 
Id flags: 

The output was:
0


Compilation of the C compiler identification source "CMakeCCompilerId.c" produced "a.out"

The C compiler identification is Clang, found in "/Users/matthewborden/Documents/Programing/drone/OpenCV-2.4.3/CMakeFiles/2.8.10.1/CompilerIdC/a.out"

Determining if the CXX compiler works passed with the following output:
Change Dir: /Users/matthewborden/Documents/Programing/drone/OpenCV-2.4.3/CMakeFiles/CMakeTmp

Run Build Command:/usr/bin/make "cmTryCompileExec3919728103/fast"
/usr/bin/make -f CMakeFiles/cmTryCompileExec3919728103.dir/build.make CMakeFiles/cmTryCompileExec3919728103.dir/build
/usr/local/Cellar/cmake/2.8.10.1/bin/cmake -E cmake_progress_report /Users/matthewborden/Documents/Programing/drone/OpenCV-2.4.3/CMakeFiles/CMakeTmp/CMakeFiles 1
Building CXX object CMakeFiles/cmTryCompileExec3919728103.dir/testCXXCompiler.cxx.o
/usr/bin/c++     -o CMakeFiles/cmTryCompileExec3919728103.dir/testCXXCompiler.cxx.o -c /Users/matthewborden/Documents/Programing/drone/OpenCV-2.4.3/CMakeFiles/CMakeTmp/testCXXCompiler.cxx
Linking CXX executable cmTryCompileExec3919728103
/usr/local/Cellar/cmake/2.8.10.1/bin/cmake -E cmake_link_script CMakeFiles/cmTryCompileExec3919728103.dir/link.txt --verbose=1
/usr/bin/c++       -Wl,-search_paths_first -Wl,-headerpad_max_install_names   CMakeFiles/cmTryCompileExec3919728103.dir/testCXXCompiler.cxx.o  -o cmTryCompileExec3919728103  


Detecting CXX compiler ABI info compiled with the following output:
Change Dir: /Users/matthewborden/Documents/Programing/drone/OpenCV-2.4.3/CMakeFiles/CMakeTmp

Run Build Command:/usr/bin/make "cmTryCompileExec652350970/fast"
/usr/bin/make -f CMakeFiles/cmTryCompileExec652350970.dir/build.make CMakeFiles/cmTryCompileExec652350970.dir/build
/usr/local/Cellar/cmake/2.8.10.1/bin/cmake -E cmake_progress_report /Users/matthewborden/Documents/Programing/drone/OpenCV-2.4.3/CMakeFiles/CMakeTmp/CMakeFiles 1
Building CXX object CMakeFiles/cmTryCompileExec652350970.dir/CMakeCXXCompilerABI.cpp.o
/usr/bin/c++     -o CMakeFiles/cmTryCompileExec652350970.dir/CMakeCXXCompilerABI.cpp.o -c /usr/local/Cellar/cmake/2.8.10.1/share/cmake/Modules/CMakeCXXCompilerABI.cpp
Linking CXX executable cmTryCompileExec652350970
/usr/local/Cellar/cmake/2.8.10.1/bin/cmake -E cmake_link_script CMakeFiles/cmTryCompileExec652350970.dir/link.txt --verbose=1
/usr/bin/c++       -Wl,-search_paths_first -Wl,-headerpad_max_install_names -v CMakeFiles/cmTryCompileExec652350970.dir/CMakeCXXCompilerABI.cpp.o  -o cmTryCompileExec652350970   
Apple clang version 4.1 (tags/Apple/clang-421.11.66) (based on LLVM 3.1svn)
Target: x86_64-apple-darwin12.2.0
Thread model: posix
 "/usr/bin/ld" -demangle -dynamic -arch x86_64 -macosx_version_min 10.8.0 -o cmTryCompileExec652350970 -search_paths_first -headerpad_max_install_names CMakeFiles/cmTryCompileExec652350970.dir/CMakeCXXCompilerABI.cpp.o -lstdc++ -lSystem /usr/bin/../lib/clang/4.1/lib/darwin/libclang_rt.osx.a


Parsed CXX implicit link information from above output:
  link line regex: [^( *|.*[/\])(ld|ld|collect2)[^/\]*( |$)]
  ignore line: [Change Dir: /Users/matthewborden/Documents/Programing/drone/OpenCV-2.4.3/CMakeFiles/CMakeTmp]
  ignore line: []
  ignore line: [Run Build Command:/usr/bin/make "cmTryCompileExec652350970/fast"]
  ignore line: [/usr/bin/make -f CMakeFiles/cmTryCompileExec652350970.dir/build.make CMakeFiles/cmTryCompileExec652350970.dir/build]
  ignore line: [/usr/local/Cellar/cmake/2.8.10.1/bin/cmake -E cmake_progress_report /Users/matthewborden/Documents/Programing/drone/OpenCV-2.4.3/CMakeFiles/CMakeTmp/CMakeFiles 1]
  ignore line: [Building CXX object CMakeFiles/cmTryCompileExec652350970.dir/CMakeCXXCompilerABI.cpp.o]
  ignore line: [/usr/bin/c++     -o CMakeFiles/cmTryCompileExec652350970.dir/CMakeCXXCompilerABI.cpp.o -c /usr/local/Cellar/cmake/2.8.10.1/share/cmake/Modules/CMakeCXXCompilerABI.cpp]
  ignore line: [Linking CXX executable cmTryCompileExec652350970]
  ignore line: [/usr/local/Cellar/cmake/2.8.10.1/bin/cmake -E cmake_link_script CMakeFiles/cmTryCompileExec652350970.dir/link.txt --verbose=1]
  ignore line: [/usr/bin/c++       -Wl,-search_paths_first -Wl,-headerpad_max_install_names -v CMakeFiles/cmTryCompileExec652350970.dir/CMakeCXXCompilerABI.cpp.o  -o cmTryCompileExec652350970   ]
  ignore line: [Apple clang version 4.1 (tags/Apple/clang-421.11.66) (based on LLVM 3.1svn)]
  ignore line: [Target: x86_64-apple-darwin12.2.0]
  ignore line: [Thread model: posix]
  link line: [ "/usr/bin/ld" -demangle -dynamic -arch x86_64 -macosx_version_min 10.8.0 -o cmTryCompileExec652350970 -search_paths_first -headerpad_max_install_names CMakeFiles/cmTryCompileExec652350970.dir/CMakeCXXCompilerABI.cpp.o -lstdc++ -lSystem /usr/bin/../lib/clang/4.1/lib/darwin/libclang_rt.osx.a]
    arg [/usr/bin/ld] ==> ignore
    arg [-demangle] ==> ignore
    arg [-dynamic] ==> ignore
    arg [-arch] ==> ignore
    arg [x86_64] ==> ignore
    arg [-macosx_version_min] ==> ignore
    arg [10.8.0] ==> ignore
    arg [-o] ==> ignore
    arg [cmTryCompileExec652350970] ==> ignore
    arg [-search_paths_first] ==> ignore
    arg [-headerpad_max_install_names] ==> ignore
    arg [CMakeFiles/cmTryCompileExec652350970.dir/CMakeCXXCompilerABI.cpp.o] ==> ignore
    arg [-lstdc++] ==> lib [stdc++]
    arg [-lSystem] ==> lib [System]
    arg [/usr/bin/../lib/clang/4.1/lib/darwin/libclang_rt.osx.a] ==> lib [/usr/bin/../lib/clang/4.1/lib/darwin/libclang_rt.osx.a]
  remove lib [System]
  implicit libs: [stdc++;/usr/bin/../lib/clang/4.1/lib/darwin/libclang_rt.osx.a]
  implicit dirs: []


Determining if the C compiler works passed with the following output:
Change Dir: /Users/matthewborden/Documents/Programing/drone/OpenCV-2.4.3/CMakeFiles/CMakeTmp

Run Build Command:/usr/bin/make "cmTryCompileExec2545191948/fast"
/usr/bin/make -f CMakeFiles/cmTryCompileExec2545191948.dir/build.make CMakeFiles/cmTryCompileExec2545191948.dir/build
/usr/local/Cellar/cmake/2.8.10.1/bin/cmake -E cmake_progress_report /Users/matthewborden/Documents/Programing/drone/OpenCV-2.4.3/CMakeFiles/CMakeTmp/CMakeFiles 1
Building C object CMakeFiles/cmTryCompileExec2545191948.dir/testCCompiler.c.o
/usr/bin/cc    -o CMakeFiles/cmTryCompileExec2545191948.dir/testCCompiler.c.o   -c /Users/matthewborden/Documents/Programing/drone/OpenCV-2.4.3/CMakeFiles/CMakeTmp/testCCompiler.c
Linking C executable cmTryCompileExec2545191948
/usr/local/Cellar/cmake/2.8.10.1/bin/cmake -E cmake_link_script CMakeFiles/cmTryCompileExec2545191948.dir/link.txt --verbose=1
/usr/bin/cc      -Wl,-search_paths_first -Wl,-headerpad_max_install_names   CMakeFiles/cmTryCompileExec2545191948.dir/testCCompiler.c.o  -o cmTryCompileExec2545191948  


Detecting C compiler ABI info compiled with the following output:
Change Dir: /Users/matthewborden/Documents/Programing/drone/OpenCV-2.4.3/CMakeFiles/CMakeTmp

Run Build Command:/usr/bin/make "cmTryCompileExec1461115830/fast"
/usr/bin/make -f CMakeFiles/cmTryCompileExec1461115830.dir/build.make CMakeFiles/cmTryCompileExec1461115830.dir/build
/usr/local/Cellar/cmake/2.8.10.1/bin/cmake -E cmake_progress_report /Users/matthewborden/Documents/Programing/drone/OpenCV-2.4.3/CMakeFiles/CMakeTmp/CMakeFiles 1
Building C object CMakeFiles/cmTryCompileExec1461115830.dir/CMakeCCompilerABI.c.o
/usr/bin/cc    -o CMakeFiles/cmTryCompileExec1461115830.dir/CMakeCCompilerABI.c.o   -c /usr/local/Cellar/cmake/2.8.10.1/share/cmake/Modules/CMakeCCompilerABI.c
Linking C executable cmTryCompileExec1461115830
/usr/local/Cellar/cmake/2.8.10.1/bin/cmake -E cmake_link_script CMakeFiles/cmTryCompileExec1461115830.dir/link.txt --verbose=1
/usr/bin/cc      -Wl,-search_paths_first -Wl,-headerpad_max_install_names -v CMakeFiles/cmTryCompileExec1461115830.dir/CMakeCCompilerABI.c.o  -o cmTryCompileExec1461115830   
Apple clang version 4.1 (tags/Apple/clang-421.11.66) (based on LLVM 3.1svn)
Target: x86_64-apple-darwin12.2.0
Thread model: posix
 "/usr/bin/ld" -demangle -dynamic -arch x86_64 -macosx_version_min 10.8.0 -o cmTryCompileExec1461115830 -search_paths_first -headerpad_max_install_names CMakeFiles/cmTryCompileExec1461115830.dir/CMakeCCompilerABI.c.o -lSystem /usr/bin/../lib/clang/4.1/lib/darwin/libclang_rt.osx.a


Parsed C implicit link information from above output:
  link line regex: [^( *|.*[/\])(ld|ld|collect2)[^/\]*( |$)]
  ignore line: [Change Dir: /Users/matthewborden/Documents/Programing/drone/OpenCV-2.4.3/CMakeFiles/CMakeTmp]
  ignore line: []
  ignore line: [Run Build Command:/usr/bin/make "cmTryCompileExec1461115830/fast"]
  ignore line: [/usr/bin/make -f CMakeFiles/cmTryCompileExec1461115830.dir/build.make CMakeFiles/cmTryCompileExec1461115830.dir/build]
  ignore line: [/usr/local/Cellar/cmake/2.8.10.1/bin/cmake -E cmake_progress_report /Users/matthewborden/Documents/Programing/drone/OpenCV-2.4.3/CMakeFiles/CMakeTmp/CMakeFiles 1]
  ignore line: [Building C object CMakeFiles/cmTryCompileExec1461115830.dir/CMakeCCompilerABI.c.o]
  ignore line: [/usr/bin/cc    -o CMakeFiles/cmTryCompileExec1461115830.dir/CMakeCCompilerABI.c.o   -c /usr/local/Cellar/cmake/2.8.10.1/share/cmake/Modules/CMakeCCompilerABI.c]
  ignore line: [Linking C executable cmTryCompileExec1461115830]
  ignore line: [/usr/local/Cellar/cmake/2.8.10.1/bin/cmake -E cmake_link_script CMakeFiles/cmTryCompileExec1461115830.dir/link.txt --verbose=1]
  ignore line: [/usr/bin/cc      -Wl,-search_paths_first -Wl,-headerpad_max_install_names -v CMakeFiles/cmTryCompileExec1461115830.dir/CMakeCCompilerABI.c.o  -o cmTryCompileExec1461115830   ]
  ignore line: [Apple clang version 4.1 (tags/Apple/clang-421.11.66) (based on LLVM 3.1svn)]
  ignore line: [Target: x86_64-apple-darwin12.2.0]
  ignore line: [Thread model: posix]
  link line: [ "/usr/bin/ld" -demangle -dynamic -arch x86_64 -macosx_version_min 10.8.0 -o cmTryCompileExec1461115830 -search_paths_first -headerpad_max_install_names CMakeFiles/cmTryCompileExec1461115830.dir/CMakeCCompilerABI.c.o -lSystem /usr/bin/../lib/clang/4.1/lib/darwin/libclang_rt.osx.a]
    arg [/usr/bin/ld] ==> ignore
    arg [-demangle] ==> ignore
    arg [-dynamic] ==> ignore
    arg [-arch] ==> ignore
    arg [x86_64] ==> ignore
    arg [-macosx_version_min] ==> ignore
    arg [10.8.0] ==> ignore
    arg [-o] ==> ignore
    arg [cmTryCompileExec1461115830] ==> ignore
    arg [-search_paths_first] ==> ignore
    arg [-headerpad_max_install_names] ==> ignore
    arg [CMakeFiles/cmTryCompileExec1461115830.dir/CMakeCCompilerABI.c.o] ==> ignore
    arg [-lSystem] ==> lib [System]
    arg [/usr/bin/../lib/clang/4.1/lib/darwin/libclang_rt.osx.a] ==> lib [/usr/bin/../lib/clang/4.1/lib/darwin/libclang_rt.osx.a]
  remove lib [System]
  implicit libs: [/usr/bin/../lib/clang/4.1/lib/darwin/libclang_rt.osx.a]
  implicit dirs: []


Determining if the function fseeko exists passed with the following output:
Change Dir: /Users/matthewborden/Documents/Programing/drone/OpenCV-2.4.3/CMakeFiles/CMakeTmp

Run Build Command:/usr/bin/make "cmTryCompileExec3482092105/fast"
/usr/bin/make -f CMakeFiles/cmTryCompileExec3482092105.dir/build.make CMakeFiles/cmTryCompileExec3482092105.dir/build
/usr/local/Cellar/cmake/2.8.10.1/bin/cmake -E cmake_progress_report /Users/matthewborden/Documents/Programing/drone/OpenCV-2.4.3/CMakeFiles/CMakeTmp/CMakeFiles 1
Building C object CMakeFiles/cmTryCompileExec3482092105.dir/CheckFunctionExists.c.o
/usr/bin/cc   -DCHECK_FUNCTION_EXISTS=fseeko   -o CMakeFiles/cmTryCompileExec3482092105.dir/CheckFunctionExists.c.o   -c /usr/local/Cellar/cmake/2.8.10.1/share/cmake/Modules/CheckFunctionExists.c
Linking C executable cmTryCompileExec3482092105
/usr/local/Cellar/cmake/2.8.10.1/bin/cmake -E cmake_link_script CMakeFiles/cmTryCompileExec3482092105.dir/link.txt --verbose=1
/usr/bin/cc       -DCHECK_FUNCTION_EXISTS=fseeko -Wl,-search_paths_first -Wl,-headerpad_max_install_names   CMakeFiles/cmTryCompileExec3482092105.dir/CheckFunctionExists.c.o  -o cmTryCompileExec3482092105  


Determining if the include file unistd.h exists passed with the following output:
Change Dir: /Users/matthewborden/Documents/Programing/drone/OpenCV-2.4.3/CMakeFiles/CMakeTmp

Run Build Command:/usr/bin/make "cmTryCompileExec396494569/fast"
/usr/bin/make -f CMakeFiles/cmTryCompileExec396494569.dir/build.make CMakeFiles/cmTryCompileExec396494569.dir/build
/usr/local/Cellar/cmake/2.8.10.1/bin/cmake -E cmake_progress_report /Users/matthewborden/Documents/Programing/drone/OpenCV-2.4.3/CMakeFiles/CMakeTmp/CMakeFiles 1
Building C object CMakeFiles/cmTryCompileExec396494569.dir/CheckIncludeFile.c.o
/usr/bin/cc    -o CMakeFiles/cmTryCompileExec396494569.dir/CheckIncludeFile.c.o   -c /Users/matthewborden/Documents/Programing/drone/OpenCV-2.4.3/CMakeFiles/CMakeTmp/CheckIncludeFile.c
Linking C executable cmTryCompileExec396494569
/usr/local/Cellar/cmake/2.8.10.1/bin/cmake -E cmake_link_script CMakeFiles/cmTryCompileExec396494569.dir/link.txt --verbose=1
/usr/bin/cc        -Wl,-search_paths_first -Wl,-headerpad_max_install_names   CMakeFiles/cmTryCompileExec396494569.dir/CheckIncludeFile.c.o  -o cmTryCompileExec396494569  


Determining if the include file sys/types.h exists passed with the following output:
Change Dir: /Users/matthewborden/Documents/Programing/drone/OpenCV-2.4.3/CMakeFiles/CMakeTmp

Run Build Command:/usr/bin/make "cmTryCompileExec3299598224/fast"
/usr/bin/make -f CMakeFiles/cmTryCompileExec3299598224.dir/build.make CMakeFiles/cmTryCompileExec3299598224.dir/build
/usr/local/Cellar/cmake/2.8.10.1/bin/cmake -E cmake_progress_report /Users/matthewborden/Documents/Programing/drone/OpenCV-2.4.3/CMakeFiles/CMakeTmp/CMakeFiles 1
Building C object CMakeFiles/cmTryCompileExec3299598224.dir/CheckIncludeFile.c.o
/usr/bin/cc    -o CMakeFiles/cmTryCompileExec3299598224.dir/CheckIncludeFile.c.o   -c /Users/matthewborden/Documents/Programing/drone/OpenCV-2.4.3/CMakeFiles/CMakeTmp/CheckIncludeFile.c
Linking C executable cmTryCompileExec3299598224
/usr/local/Cellar/cmake/2.8.10.1/bin/cmake -E cmake_link_script CMakeFiles/cmTryCompileExec3299598224.dir/link.txt --verbose=1
/usr/bin/cc        -Wl,-search_paths_first -Wl,-headerpad_max_install_names   CMakeFiles/cmTryCompileExec3299598224.dir/CheckIncludeFile.c.o  -o cmTryCompileExec3299598224  


Determining if the include file stdint.h exists passed with the following output:
Change Dir: /Users/matthewborden/Documents/Programing/drone/OpenCV-2.4.3/CMakeFiles/CMakeTmp

Run Build Command:/usr/bin/make "cmTryCompileExec3826652092/fast"
/usr/bin/make -f CMakeFiles/cmTryCompileExec3826652092.dir/build.make CMakeFiles/cmTryCompileExec3826652092.dir/build
/usr/local/Cellar/cmake/2.8.10.1/bin/cmake -E cmake_progress_report /Users/matthewborden/Documents/Programing/drone/OpenCV-2.4.3/CMakeFiles/CMakeTmp/CMakeFiles 1
Building C object CMakeFiles/cmTryCompileExec3826652092.dir/CheckIncludeFile.c.o
/usr/bin/cc    -o CMakeFiles/cmTryCompileExec3826652092.dir/CheckIncludeFile.c.o   -c /Users/matthewborden/Documents/Programing/drone/OpenCV-2.4.3/CMakeFiles/CMakeTmp/CheckIncludeFile.c
Linking C executable cmTryCompileExec3826652092
/usr/local/Cellar/cmake/2.8.10.1/bin/cmake -E cmake_link_script CMakeFiles/cmTryCompileExec3826652092.dir/link.txt --verbose=1
/usr/bin/cc        -Wl,-search_paths_first -Wl,-headerpad_max_install_names   CMakeFiles/cmTryCompileExec3826652092.dir/CheckIncludeFile.c.o  -o cmTryCompileExec3826652092  


Determining if the include file stddef.h exists passed with the following output:
Change Dir: /Users/matthewborden/Documents/Programing/drone/OpenCV-2.4.3/CMakeFiles/CMakeTmp

Run Build Command:/usr/bin/make "cmTryCompileExec2513809998/fast"
/usr/bin/make -f CMakeFiles/cmTryCompileExec2513809998.dir/build.make CMakeFiles/cmTryCompileExec2513809998.dir/build
/usr/local/Cellar/cmake/2.8.10.1/bin/cmake -E cmake_progress_report /Users/matthewborden/Documents/Programing/drone/OpenCV-2.4.3/CMakeFiles/CMakeTmp/CMakeFiles 1
Building C object CMakeFiles/cmTryCompileExec2513809998.dir/CheckIncludeFile.c.o
/usr/bin/cc    -o CMakeFiles/cmTryCompileExec2513809998.dir/CheckIncludeFile.c.o   -c /Users/matthewborden/Documents/Programing/drone/OpenCV-2.4.3/CMakeFiles/CMakeTmp/CheckIncludeFile.c
Linking C executable cmTryCompileExec2513809998
/usr/local/Cellar/cmake/2.8.10.1/bin/cmake -E cmake_link_script CMakeFiles/cmTryCompileExec2513809998.dir/link.txt --verbose=1
/usr/bin/cc        -Wl,-search_paths_first -Wl,-headerpad_max_install_names   CMakeFiles/cmTryCompileExec2513809998.dir/CheckIncludeFile.c.o  -o cmTryCompileExec2513809998  


Determining if the include file assert.h exists passed with the following output:
Change Dir: /Users/matthewborden/Documents/Programing/drone/OpenCV-2.4.3/CMakeFiles/CMakeTmp

Run Build Command:/usr/bin/make "cmTryCompileExec582460921/fast"
/usr/bin/make -f CMakeFiles/cmTryCompileExec582460921.dir/build.make CMakeFiles/cmTryCompileExec582460921.dir/build
/usr/local/Cellar/cmake/2.8.10.1/bin/cmake -E cmake_progress_report /Users/matthewborden/Documents/Programing/drone/OpenCV-2.4.3/CMakeFiles/CMakeTmp/CMakeFiles 1
Building C object CMakeFiles/cmTryCompileExec582460921.dir/CheckIncludeFile.c.o
/usr/bin/cc    -o CMakeFiles/cmTryCompileExec582460921.dir/CheckIncludeFile.c.o   -c /Users/matthewborden/Documents/Programing/drone/OpenCV-2.4.3/CMakeFiles/CMakeTmp/CheckIncludeFile.c
Linking C executable cmTryCompileExec582460921
/usr/local/Cellar/cmake/2.8.10.1/bin/cmake -E cmake_link_script CMakeFiles/cmTryCompileExec582460921.dir/link.txt --verbose=1
/usr/bin/cc        -Wl,-search_paths_first -Wl,-headerpad_max_install_names   CMakeFiles/cmTryCompileExec582460921.dir/CheckIncludeFile.c.o  -o cmTryCompileExec582460921  


Determining if the include file fcntl.h exists passed with the following output:
Change Dir: /Users/matthewborden/Documents/Programing/drone/OpenCV-2.4.3/CMakeFiles/CMakeTmp

Run Build Command:/usr/bin/make "cmTryCompileExec814335511/fast"
/usr/bin/make -f CMakeFiles/cmTryCompileExec814335511.dir/build.make CMakeFiles/cmTryCompileExec814335511.dir/build
/usr/local/Cellar/cmake/2.8.10.1/bin/cmake -E cmake_progress_report /Users/matthewborden/Documents/Programing/drone/OpenCV-2.4.3/CMakeFiles/CMakeTmp/CMakeFiles 1
Building C object CMakeFiles/cmTryCompileExec814335511.dir/CheckIncludeFile.c.o
/usr/bin/cc    -o CMakeFiles/cmTryCompileExec814335511.dir/CheckIncludeFile.c.o   -c /Users/matthewborden/Documents/Programing/drone/OpenCV-2.4.3/CMakeFiles/CMakeTmp/CheckIncludeFile.c
Linking C executable cmTryCompileExec814335511
/usr/local/Cellar/cmake/2.8.10.1/bin/cmake -E cmake_link_script CMakeFiles/cmTryCompileExec814335511.dir/link.txt --verbose=1
/usr/bin/cc        -Wl,-search_paths_first -Wl,-headerpad_max_install_names   CMakeFiles/cmTryCompileExec814335511.dir/CheckIncludeFile.c.o  -o cmTryCompileExec814335511  


Determining if the function mmap exists passed with the following output:
Change Dir: /Users/matthewborden/Documents/Programing/drone/OpenCV-2.4.3/CMakeFiles/CMakeTmp

Run Build Command:/usr/bin/make "cmTryCompileExec1587938022/fast"
/usr/bin/make -f CMakeFiles/cmTryCompileExec1587938022.dir/build.make CMakeFiles/cmTryCompileExec1587938022.dir/build
/usr/local/Cellar/cmake/2.8.10.1/bin/cmake -E cmake_progress_report /Users/matthewborden/Documents/Programing/drone/OpenCV-2.4.3/CMakeFiles/CMakeTmp/CMakeFiles 1
Building C object CMakeFiles/cmTryCompileExec1587938022.dir/CheckFunctionExists.c.o
/usr/bin/cc   -DCHECK_FUNCTION_EXISTS=mmap   -o CMakeFiles/cmTryCompileExec1587938022.dir/CheckFunctionExists.c.o   -c /usr/local/Cellar/cmake/2.8.10.1/share/cmake/Modules/CheckFunctionExists.c
Linking C executable cmTryCompileExec1587938022
/usr/local/Cellar/cmake/2.8.10.1/bin/cmake -E cmake_link_script CMakeFiles/cmTryCompileExec1587938022.dir/link.txt --verbose=1
/usr/bin/cc       -DCHECK_FUNCTION_EXISTS=mmap -Wl,-search_paths_first -Wl,-headerpad_max_install_names   CMakeFiles/cmTryCompileExec1587938022.dir/CheckFunctionExists.c.o  -o cmTryCompileExec1587938022  


Determining if the include file search.h exists passed with the following output:
Change Dir: /Users/matthewborden/Documents/Programing/drone/OpenCV-2.4.3/CMakeFiles/CMakeTmp

Run Build Command:/usr/bin/make "cmTryCompileExec3921261794/fast"
/usr/bin/make -f CMakeFiles/cmTryCompileExec3921261794.dir/build.make CMakeFiles/cmTryCompileExec3921261794.dir/build
/usr/local/Cellar/cmake/2.8.10.1/bin/cmake -E cmake_progress_report /Users/matthewborden/Documents/Programing/drone/OpenCV-2.4.3/CMakeFiles/CMakeTmp/CMakeFiles 1
Building C object CMakeFiles/cmTryCompileExec3921261794.dir/CheckIncludeFile.c.o
/usr/bin/cc    -o CMakeFiles/cmTryCompileExec3921261794.dir/CheckIncludeFile.c.o   -c /Users/matthewborden/Documents/Programing/drone/OpenCV-2.4.3/CMakeFiles/CMakeTmp/CheckIncludeFile.c
Linking C executable cmTryCompileExec3921261794
/usr/local/Cellar/cmake/2.8.10.1/bin/cmake -E cmake_link_script CMakeFiles/cmTryCompileExec3921261794.dir/link.txt --verbose=1
/usr/bin/cc        -Wl,-search_paths_first -Wl,-headerpad_max_install_names   CMakeFiles/cmTryCompileExec3921261794.dir/CheckIncludeFile.c.o  -o cmTryCompileExec3921261794  


Determining if the include file string.h exists passed with the following output:
Change Dir: /Users/matthewborden/Documents/Programing/drone/OpenCV-2.4.3/CMakeFiles/CMakeTmp

Run Build Command:/usr/bin/make "cmTryCompileExec810980128/fast"
/usr/bin/make -f CMakeFiles/cmTryCompileExec810980128.dir/build.make CMakeFiles/cmTryCompileExec810980128.dir/build
/usr/local/Cellar/cmake/2.8.10.1/bin/cmake -E cmake_progress_report /Users/matthewborden/Documents/Programing/drone/OpenCV-2.4.3/CMakeFiles/CMakeTmp/CMakeFiles 1
Building C object CMakeFiles/cmTryCompileExec810980128.dir/CheckIncludeFile.c.o
/usr/bin/cc    -o CMakeFiles/cmTryCompileExec810980128.dir/CheckIncludeFile.c.o   -c /Users/matthewborden/Documents/Programing/drone/OpenCV-2.4.3/CMakeFiles/CMakeTmp/CheckIncludeFile.c
Linking C executable cmTryCompileExec810980128
/usr/local/Cellar/cmake/2.8.10.1/bin/cmake -E cmake_link_script CMakeFiles/cmTryCompileExec810980128.dir/link.txt --verbose=1
/usr/bin/cc        -Wl,-search_paths_first -Wl,-headerpad_max_install_names   CMakeFiles/cmTryCompileExec810980128.dir/CheckIncludeFile.c.o  -o cmTryCompileExec810980128  


Determining if the include file unistd.h exists passed with the following output:
Change Dir: /Users/matthewborden/Documents/Programing/drone/OpenCV-2.4.3/CMakeFiles/CMakeTmp

Run Build Command:/usr/bin/make "cmTryCompileExec3429929145/fast"
/usr/bin/make -f CMakeFiles/cmTryCompileExec3429929145.dir/build.make CMakeFiles/cmTryCompileExec3429929145.dir/build
/usr/local/Cellar/cmake/2.8.10.1/bin/cmake -E cmake_progress_report /Users/matthewborden/Documents/Programing/drone/OpenCV-2.4.3/CMakeFiles/CMakeTmp/CMakeFiles 1
Building C object CMakeFiles/cmTryCompileExec3429929145.dir/CheckIncludeFile.c.o
/usr/bin/cc    -o CMakeFiles/cmTryCompileExec3429929145.dir/CheckIncludeFile.c.o   -c /Users/matthewborden/Documents/Programing/drone/OpenCV-2.4.3/CMakeFiles/CMakeTmp/CheckIncludeFile.c
Linking C executable cmTryCompileExec3429929145
/usr/local/Cellar/cmake/2.8.10.1/bin/cmake -E cmake_link_script CMakeFiles/cmTryCompileExec3429929145.dir/link.txt --verbose=1
/usr/bin/cc        -Wl,-search_paths_first -Wl,-headerpad_max_install_names   CMakeFiles/cmTryCompileExec3429929145.dir/CheckIncludeFile.c.o  -o cmTryCompileExec3429929145  


Determining if the include file semaphore.h exists passed with the following output:
Change Dir: /Users/matthewborden/Documents/Programing/drone/OpenCV-2.4.3/CMakeFiles/CMakeTmp

Run Build Command:/usr/bin/make "cmTryCompileExec1597227434/fast"
/usr/bin/make -f CMakeFiles/cmTryCompileExec1597227434.dir/build.make CMakeFiles/cmTryCompileExec1597227434.dir/build
/usr/local/Cellar/cmake/2.8.10.1/bin/cmake -E cmake_progress_report /Users/matthewborden/Documents/Programing/drone/OpenCV-2.4.3/CMakeFiles/CMakeTmp/CMakeFiles 1
Building C object CMakeFiles/cmTryCompileExec1597227434.dir/CheckIncludeFile.c.o
/usr/bin/cc    -o CMakeFiles/cmTryCompileExec1597227434.dir/CheckIncludeFile.c.o   -c /Users/matthewborden/Documents/Programing/drone/OpenCV-2.4.3/CMakeFiles/CMakeTmp/CheckIncludeFile.c
Linking C executable cmTryCompileExec1597227434
/usr/local/Cellar/cmake/2.8.10.1/bin/cmake -E cmake_link_script CMakeFiles/cmTryCompileExec1597227434.dir/link.txt --verbose=1
/usr/bin/cc        -Wl,-search_paths_first -Wl,-headerpad_max_install_names   CMakeFiles/cmTryCompileExec1597227434.dir/CheckIncludeFile.c.o  -o cmTryCompileExec1597227434  


